# JRE version: OpenJDK Runtime Environment (19.0.2+7) (build 19.0.2+7-44)
# Java VM: OpenJDK 64-Bit Server VM (19.0.2+7-44, mixed mode, sharing, tiered, compressed oops, compressed class ptrs, g1 gc, windows-amd64)
GC Precious Log:
 CardTable entry size: 512
 Card Set container configuration: InlinePtr #cards 4 size 8 Array Of Cards #cards 16 size 48 Howl #buckets 8 coarsen threshold 3686 Howl Bitmap #cards 512 size 80 coarsen threshold 460 Card regions per heap region 1 cards per card region 4096
 CPUs: 8 total, 8 available
 Memory: 15761M
 Large Page Support: Disabled
 NUMA Support: Disabled
 Compressed Oops: Enabled (Zero based)
 Heap Region Size: 2M
 Heap Min Capacity: 8M
 Heap Initial Capacity: 248M
 Heap Max Capacity: 3942M
 Pre-touch: Disabled
 Parallel Workers: 8
 Concurrent Workers: 2
 Concurrent Refinement Workers: 8
 Periodic GC: Disabled
Heap:
 garbage-first heap   total 73728K, used 40166K [0x0000000709a00000, 0x0000000800000000)
  region size 2048K, 3 young (6144K), 1 survivors (2048K)
 Metaspace       used 72802K, committed 73536K, reserved 1114112K
  class space    used 9576K, committed 9920K, reserved 1048576K
GC Heap History (20 events):
Event: 3.906 GC heap before
{Heap before GC invocations=6 (full 0):
 garbage-first heap   total 73728K, used 45928K [0x0000000709a00000, 0x0000000800000000)
  region size 2048K, 15 young (30720K), 3 survivors (6144K)
 Metaspace       used 34504K, committed 35072K, reserved 1114112K
  class space    used 4300K, committed 4544K, reserved 1048576K
}
Event: 3.909 GC heap after
{Heap after GC invocations=7 (full 0):
 garbage-first heap   total 73728K, used 24991K [0x0000000709a00000, 0x0000000800000000)
  region size 2048K, 1 young (2048K), 1 survivors (2048K)
 Metaspace       used 34504K, committed 35072K, reserved 1114112K
  class space    used 4300K, committed 4544K, reserved 1048576K
}
Event: 3.959 GC heap before
{Heap before GC invocations=7 (full 0):
 garbage-first heap   total 73728K, used 27039K [0x0000000709a00000, 0x0000000800000000)
  region size 2048K, 3 young (6144K), 1 survivors (2048K)
 Metaspace       used 35479K, committed 35968K, reserved 1114112K
  class space    used 4432K, committed 4672K, reserved 1048576K
}
Event: 3.960 GC heap after
{Heap after GC invocations=8 (full 0):
 garbage-first heap   total 73728K, used 24667K [0x0000000709a00000, 0x0000000800000000)
  region size 2048K, 1 young (2048K), 1 survivors (2048K)
 Metaspace       used 35479K, committed 35968K, reserved 1114112K
  class space    used 4432K, committed 4672K, reserved 1048576K
}
Event: 4.522 GC heap before
{Heap before GC invocations=9 (full 0):
 garbage-first heap   total 73728K, used 53339K [0x0000000709a00000, 0x0000000800000000)
  region size 2048K, 15 young (30720K), 1 survivors (2048K)
 Metaspace       used 46440K, committed 46976K, reserved 1114112K
  class space    used 5882K, committed 6144K, reserved 1048576K
}
Event: 4.525 GC heap after
{Heap after GC invocations=10 (full 0):
 garbage-first heap   total 73728K, used 27245K [0x0000000709a00000, 0x0000000800000000)
  region size 2048K, 2 young (4096K), 2 survivors (4096K)
 Metaspace       used 46440K, committed 46976K, reserved 1114112K
  class space    used 5882K, committed 6144K, reserved 1048576K
}
Event: 4.957 GC heap before
{Heap before GC invocations=10 (full 0):
 garbage-first heap   total 73728K, used 51821K [0x0000000709a00000, 0x0000000800000000)
  region size 2048K, 15 young (30720K), 2 survivors (4096K)
 Metaspace       used 54340K, committed 54912K, reserved 1114112K
  class space    used 7048K, committed 7296K, reserved 1048576K
}
Event: 4.961 GC heap after
{Heap after GC invocations=11 (full 0):
 garbage-first heap   total 73728K, used 29021K [0x0000000709a00000, 0x0000000800000000)
  region size 2048K, 1 young (2048K), 1 survivors (2048K)
 Metaspace       used 54340K, committed 54912K, reserved 1114112K
  class space    used 7048K, committed 7296K, reserved 1048576K
}
Event: 5.330 GC heap before
{Heap before GC invocations=11 (full 0):
 garbage-first heap   total 73728K, used 51549K [0x0000000709a00000, 0x0000000800000000)
  region size 2048K, 13 young (26624K), 1 survivors (2048K)
 Metaspace       used 60160K, committed 60736K, reserved 1114112K
  class space    used 7836K, committed 8128K, reserved 1048576K
}
Event: 5.334 GC heap after
{Heap after GC invocations=12 (full 0):
 garbage-first heap   total 73728K, used 30488K [0x0000000709a00000, 0x0000000800000000)
  region size 2048K, 2 young (4096K), 2 survivors (4096K)
 Metaspace       used 60160K, committed 60736K, reserved 1114112K
  class space    used 7836K, committed 8128K, reserved 1048576K
}
Event: 5.816 GC heap before
{Heap before GC invocations=13 (full 0):
 garbage-first heap   total 73728K, used 55064K [0x0000000709a00000, 0x0000000800000000)
  region size 2048K, 14 young (28672K), 2 survivors (4096K)
 Metaspace       used 62979K, committed 63552K, reserved 1114112K
  class space    used 8299K, committed 8576K, reserved 1048576K
}
Event: 5.820 GC heap after
{Heap after GC invocations=14 (full 0):
 garbage-first heap   total 73728K, used 32596K [0x0000000709a00000, 0x0000000800000000)
  region size 2048K, 2 young (4096K), 2 survivors (4096K)
 Metaspace       used 62979K, committed 63552K, reserved 1114112K
  class space    used 8299K, committed 8576K, reserved 1048576K
}
Event: 5.861 GC heap before
{Heap before GC invocations=14 (full 0):
 garbage-first heap   total 73728K, used 34644K [0x0000000709a00000, 0x0000000800000000)
  region size 2048K, 3 young (6144K), 2 survivors (4096K)
 Metaspace       used 63367K, committed 63936K, reserved 1114112K
  class space    used 8350K, committed 8640K, reserved 1048576K
}
Event: 5.864 GC heap after
{Heap after GC invocations=15 (full 0):
 garbage-first heap   total 73728K, used 32444K [0x0000000709a00000, 0x0000000800000000)
  region size 2048K, 1 young (2048K), 1 survivors (2048K)
 Metaspace       used 63367K, committed 63936K, reserved 1114112K
  class space    used 8350K, committed 8640K, reserved 1048576K
}
Event: 6.547 GC heap before
{Heap before GC invocations=15 (full 0):
 garbage-first heap   total 73728K, used 54972K [0x0000000709a00000, 0x0000000800000000)
  region size 2048K, 12 young (24576K), 1 survivors (2048K)
 Metaspace       used 65602K, committed 66304K, reserved 1114112K
  class space    used 8659K, committed 9024K, reserved 1048576K
}
Event: 6.549 GC heap after
{Heap after GC invocations=16 (full 0):
 garbage-first heap   total 73728K, used 33969K [0x0000000709a00000, 0x0000000800000000)
  region size 2048K, 2 young (4096K), 2 survivors (4096K)
 Metaspace       used 65602K, committed 66304K, reserved 1114112K
  class space    used 8659K, committed 9024K, reserved 1048576K
}
Event: 6.935 GC heap before
{Heap before GC invocations=16 (full 0):
 garbage-first heap   total 73728K, used 56497K [0x0000000709a00000, 0x0000000800000000)
  region size 2048K, 13 young (26624K), 2 survivors (4096K)
 Metaspace       used 70487K, committed 71168K, reserved 1114112K
  class space    used 9307K, committed 9600K, reserved 1048576K
}
Event: 6.938 GC heap after
{Heap after GC invocations=17 (full 0):
 garbage-first heap   total 73728K, used 36966K [0x0000000709a00000, 0x0000000800000000)
  region size 2048K, 2 young (4096K), 2 survivors (4096K)
 Metaspace       used 70487K, committed 71168K, reserved 1114112K
  class space    used 9307K, committed 9600K, reserved 1048576K
}
Event: 344.865 GC heap before
{Heap before GC invocations=17 (full 0):
 garbage-first heap   total 73728K, used 55398K [0x0000000709a00000, 0x0000000800000000)
  region size 2048K, 11 young (22528K), 2 survivors (4096K)
 Metaspace       used 72794K, committed 73536K, reserved 1114112K
  class space    used 9576K, committed 9920K, reserved 1048576K
}
Event: 344.877 GC heap after
{Heap after GC invocations=18 (full 0):
 garbage-first heap   total 73728K, used 38118K [0x0000000709a00000, 0x0000000800000000)
  region size 2048K, 1 young (2048K), 1 survivors (2048K)
 Metaspace       used 72794K, committed 73536K, reserved 1114112K
  class space    used 9576K, committed 9920K, reserved 1048576K
}

